Added Component: Designator=D?(DO-35)
Add component. Clean all parameters for all variants
Add component (AddParameter): Name = "BOM名称"; Value = "高速开关二极管"; VariantName = "[No Variations]"
Add component (AddParameter): Name = "学习资源"; Value = "www.ooocke.com"; VariantName = "[No Variations]"
Add component (AddParameter): Name = "版权归属"; Value = "源创客"; VariantName = "[No Variations]"
Added Component: Designator=D?(DO-35)
Add component. Clean all parameters for all variants
Add component (AddParameter): Name = "BOM名称"; Value = "高速开关二极管"; VariantName = "[No Variations]"
Add component (AddParameter): Name = "学习资源"; Value = "www.ooocke.com"; VariantName = "[No Variations]"
Add component (AddParameter): Name = "版权归属"; Value = "源创客"; VariantName = "[No Variations]"
Added Component: Designator=D?(DO-35)
Add component. Clean all parameters for all variants
Add component (AddParameter): Name = "BOM名称"; Value = "高速开关二极管"; VariantName = "[No Variations]"
Add component (AddParameter): Name = "学习资源"; Value = "www.ooocke.com"; VariantName = "[No Variations]"
Add component (AddParameter): Name = "版权归属"; Value = "源创客"; VariantName = "[No Variations]"
Added Component: Designator=L?(CDRH73)
Add component. Clean all parameters for all variants
Add component (AddParameter): Name = "BOM名称"; Value = "功率屏蔽电感"; VariantName = "[No Variations]"
Add component (AddParameter): Name = "学习资源"; Value = "https://lmdzstyle.taobao.com/"; VariantName = "[No Variations]"
Add component (AddParameter): Name = "版权归属"; Value = "黎明电子style"; VariantName = "[No Variations]"
Added Component: Designator=S?(SK-12D07VG3)
Add component. Clean all parameters for all variants
Add component (AddParameter): Name = "BOM名称"; Value = "波动开关"; VariantName = "[No Variations]"
Add component (AddParameter): Name = "学习资源"; Value = "www.ooocke.com"; VariantName = "[No Variations]"
Add component (AddParameter): Name = "版权归属"; Value = "源创客"; VariantName = "[No Variations]"
Added Component: Designator=U?(VSON - 14)
Add component. Clean all parameters for all variants
Added Component: Designator=U?(QFN48 7X7_N)
Add component. Clean all parameters for all variants
Add component (AddParameter): Name = "ComponentLink1Description"; Value = "Manufacturer URL"; VariantName = "[No Variations]"
Add component (AddParameter): Name = "ComponentLink1URL"; Value = "http://www.st.com/web/en/home.html"; VariantName = "[No Variations]"
Add component (AddParameter): Name = "ComponentLink2Description"; Value = "Datasheet"; VariantName = "[No Variations]"
Add component (AddParameter): Name = "ComponentLink2URL"; Value = "http://www.st.com/st-web-ui/static/active/en/resource/technical/document/data_brief/DM00071938.pdf"; VariantName = "[No Variations]"
Add component (AddParameter): Name = "ComponentLink3Description"; Value = "Package Specification"; VariantName = "[No Variations]"
Add component (AddParameter): Name = "ComponentLink3URL"; Value = "http://www.st.com/st-web-ui/static/active/en/resource/technical/document/data_brief/DM00071938.pdf"; VariantName = "[No Variations]"
Add component (AddParameter): Name = "Core"; Value = "ARM Cortex-M4"; VariantName = "[No Variations]"
Add component (AddParameter): Name = "DatasheetVersion"; Value = "Rev. 1"; VariantName = "[No Variations]"
Add component (AddParameter): Name = "FLASH Size (Prog) (kB)"; Value = "256"; VariantName = "[No Variations]"
Add component (AddParameter): Name = "I/Os (High Current)"; Value = "36"; VariantName = "[No Variations]"
Add component (AddParameter): Name = "Internal RAM Size (kB)"; Value = "64"; VariantName = "[No Variations]"
Add component (AddParameter): Name = "Manufacturer"; Value = "STMicroelectronics"; VariantName = "[No Variations]"
Add component (AddParameter): Name = "Mounting Technology"; Value = "Surface Mount"; VariantName = "[No Variations]"
Add component (AddParameter): Name = "Operating Frequency(F) (Processor speed) (MHz)"; Value = "84"; VariantName = "[No Variations]"
Add component (AddParameter): Name = "PackageDescription"; Value = "48-Pin Ultra Thin Fine Pitch Quad Flat No-Lead, 7 x 7 x 0.6 mm Body, 0.5 mm Pitch, Exposed Pad"; VariantName = "[No Variations]"
Add component (AddParameter): Name = "PackageReference"; Value = "UFQFPN48"; VariantName = "[No Variations]"
Add component (AddParameter): Name = "PackageVersion"; Value = "Rev. 1, 04/2013"; VariantName = "[No Variations]"
Add component (AddParameter): Name = "Packing"; Value = "Tray"; VariantName = "[No Variations]"
Add component (AddParameter): Name = "PartNumber"; Value = "STM32F401CCU6"; VariantName = "[No Variations]"
Add component (AddParameter): Name = "Supplier 1"; Value = "Newark"; VariantName = "[No Variations]"
Add component (AddParameter): Name = "Supplier 2"; Value = "Mouser"; VariantName = "[No Variations]"
Add component (AddParameter): Name = "Supplier Part Number 1"; Value = "19X6217"; VariantName = "[No Variations]"
Add component (AddParameter): Name = "Supplier Part Number 2"; Value = "511-STM32F401CCU6"; VariantName = "[No Variations]"
Add component (AddParameter): Name = "Supply Voltage(Vcc) max (V)"; Value = "3.6"; VariantName = "[No Variations]"
Add component (AddParameter): Name = "Supply Voltage(Vcc) min (V)"; Value = "1.8"; VariantName = "[No Variations]"
Added Component: Designator=U?(QFN48 7X7_N)
Add component. Clean all parameters for all variants
Add component (AddParameter): Name = "ComponentLink1Description"; Value = "Manufacturer URL"; VariantName = "[No Variations]"
Add component (AddParameter): Name = "ComponentLink1URL"; Value = "http://www.st.com/web/en/home.html"; VariantName = "[No Variations]"
Add component (AddParameter): Name = "ComponentLink2Description"; Value = "Datasheet"; VariantName = "[No Variations]"
Add component (AddParameter): Name = "ComponentLink2URL"; Value = "http://www.st.com/st-web-ui/static/active/en/resource/technical/document/data_brief/DM00071938.pdf"; VariantName = "[No Variations]"
Add component (AddParameter): Name = "ComponentLink3Description"; Value = "Package Specification"; VariantName = "[No Variations]"
Add component (AddParameter): Name = "ComponentLink3URL"; Value = "http://www.st.com/st-web-ui/static/active/en/resource/technical/document/data_brief/DM00071938.pdf"; VariantName = "[No Variations]"
Add component (AddParameter): Name = "Core"; Value = "ARM Cortex-M4"; VariantName = "[No Variations]"
Add component (AddParameter): Name = "DatasheetVersion"; Value = "Rev. 1"; VariantName = "[No Variations]"
Add component (AddParameter): Name = "FLASH Size (Prog) (kB)"; Value = "256"; VariantName = "[No Variations]"
Add component (AddParameter): Name = "I/Os (High Current)"; Value = "36"; VariantName = "[No Variations]"
Add component (AddParameter): Name = "Internal RAM Size (kB)"; Value = "64"; VariantName = "[No Variations]"
Add component (AddParameter): Name = "Manufacturer"; Value = "STMicroelectronics"; VariantName = "[No Variations]"
Add component (AddParameter): Name = "Mounting Technology"; Value = "Surface Mount"; VariantName = "[No Variations]"
Add component (AddParameter): Name = "Operating Frequency(F) (Processor speed) (MHz)"; Value = "84"; VariantName = "[No Variations]"
Add component (AddParameter): Name = "PackageDescription"; Value = "48-Pin Ultra Thin Fine Pitch Quad Flat No-Lead, 7 x 7 x 0.6 mm Body, 0.5 mm Pitch, Exposed Pad"; VariantName = "[No Variations]"
Add component (AddParameter): Name = "PackageReference"; Value = "UFQFPN48"; VariantName = "[No Variations]"
Add component (AddParameter): Name = "PackageVersion"; Value = "Rev. 1, 04/2013"; VariantName = "[No Variations]"
Add component (AddParameter): Name = "Packing"; Value = "Tray"; VariantName = "[No Variations]"
Add component (AddParameter): Name = "PartNumber"; Value = "STM32F401CCU6"; VariantName = "[No Variations]"
Add component (AddParameter): Name = "Supplier 1"; Value = "Newark"; VariantName = "[No Variations]"
Add component (AddParameter): Name = "Supplier 2"; Value = "Mouser"; VariantName = "[No Variations]"
Add component (AddParameter): Name = "Supplier Part Number 1"; Value = "19X6217"; VariantName = "[No Variations]"
Add component (AddParameter): Name = "Supplier Part Number 2"; Value = "511-STM32F401CCU6"; VariantName = "[No Variations]"
Add component (AddParameter): Name = "Supply Voltage(Vcc) max (V)"; Value = "3.6"; VariantName = "[No Variations]"
Add component (AddParameter): Name = "Supply Voltage(Vcc) min (V)"; Value = "1.8"; VariantName = "[No Variations]"
Added Component: Designator=X?(OSC MC-146)
Add component. Clean all parameters for all variants
Add component (AddParameter): Name = "BOM名称"; Value = "2脚无源脚晶振"; VariantName = "[No Variations]"
Add component (AddParameter): Name = "学习资源"; Value = "www.ooocke.com"; VariantName = "[No Variations]"
Add component (AddParameter): Name = "版权归属"; Value = "源创客"; VariantName = "[No Variations]"
Added Component: Designator=X?(OSC MC-146)
Add component. Clean all parameters for all variants
Add component (AddParameter): Name = "BOM名称"; Value = "2脚无源脚晶振"; VariantName = "[No Variations]"
Add component (AddParameter): Name = "学习资源"; Value = "www.ooocke.com"; VariantName = "[No Variations]"
Add component (AddParameter): Name = "版权归属"; Value = "源创客"; VariantName = "[No Variations]"
Added Pin To Net: NetName=3.3V Pin=U?-4
Added Pin To Net: NetName=3.3V Pin=U?-5
Added Net: Name=3.3V
Added Pin To Net: NetName=3V3 Pin=U?-2
Added Pin To Net: NetName=3V3 Pin=U?-3
Added Pin To Net: NetName=3V3 Pin=U?-8
Added Pin To Net: NetName=3V3 Pin=U?-10
Added Pin To Net: NetName=3V3 Pin=U?-12
Added Pin To Net: NetName=3V3 Pin=U?-13
Added Net: Name=3V3
Added Net: Name=BAT_CHG
Added Net: Name=BAT_DET
Added Pin To Net: NetName=BAT Pin=D?-1
Added Pin To Net: NetName=BAT Pin=S?-3
Added Pin To Net: NetName=BAT Pin=U?-5
Added Pin To Net: NetName=BAT Pin=U?-10
Added Pin To Net: NetName=BAT Pin=U?-11
Added Net: Name=BAT
Added Pin To Net: NetName=BMP180_SCL Pin=U?-45
Added Net: Name=BMP180_SCL
Added Pin To Net: NetName=BMP180_SDA Pin=U?-46
Added Net: Name=BMP180_SDA
Added Pin To Net: NetName=CPOUT Pin=U?-20
Added Net: Name=CPOUT
Added Pin To Net: NetName=EN Pin=U?-12
Added Net: Name=EN
Added Pin To Net: NetName=GND Pin=S?-1
Added Pin To Net: NetName=GND Pin=S?-1
Added Pin To Net: NetName=GND Pin=S?-1
Added Pin To Net: NetName=GND Pin=U?-1
Added Pin To Net: NetName=GND Pin=U?-1
Added Pin To Net: NetName=GND Pin=U?-2
Added Pin To Net: NetName=GND Pin=U?-3
Added Pin To Net: NetName=GND Pin=U?-6
Added Pin To Net: NetName=GND Pin=U?-7
Added Pin To Net: NetName=GND Pin=U?-7
Added Pin To Net: NetName=GND Pin=U?-8
Added Pin To Net: NetName=GND Pin=U?-9
Added Pin To Net: NetName=GND Pin=U?-11
Added Pin To Net: NetName=GND Pin=U?-13
Added Pin To Net: NetName=GND Pin=U?-15
Added Pin To Net: NetName=GND Pin=U?-18
Added Net: Name=GND
Added Pin To Net: NetName=KEY1 Pin=S?-2
Added Pin To Net: NetName=KEY1 Pin=U?-18
Added Net: Name=KEY1
Added Pin To Net: NetName=KEY2 Pin=S?-2
Added Pin To Net: NetName=KEY2 Pin=U?-19
Added Net: Name=KEY2
Added Pin To Net: NetName=KEY3 Pin=S?-2
Added Pin To Net: NetName=KEY3 Pin=U?-20
Added Net: Name=KEY3
Added Pin To Net: NetName=LED Pin=U?-2
Added Net: Name=LED
Added Pin To Net: NetName=MPU6050_INT Pin=U?-41
Added Net: Name=MPU6050_INT
Added Pin To Net: NetName=MPU6050_SCL Pin=U?-42
Added Net: Name=MPU6050_SCL
Added Pin To Net: NetName=MPU6050_SDA Pin=U?-43
Added Net: Name=MPU6050_SDA
Added Pin To Net: NetName=NetC?_1 Pin=U?-1
Added Net: Name=NetC?_1
Added Pin To Net: NetName=NetC?_2 Pin=U?-9
Added Net: Name=NetC?_2
Added Pin To Net: NetName=NetD?_1 Pin=D?-1
Added Net: Name=NetD?_1
Added Pin To Net: NetName=NetD?_2 Pin=D?-2
Added Net: Name=NetD?_2
Added Net: Name=NetD?_A
Added Pin To Net: NetName=NetD?_K Pin=U?-7
Added Net: Name=NetD?_K
Added Pin To Net: NetName=NetL?_1 Pin=L?-1
Added Pin To Net: NetName=NetL?_1 Pin=U?-8
Added Pin To Net: NetName=NetL?_1 Pin=U?-9
Added Net: Name=NetL?_1
Added Pin To Net: NetName=NetL?_2 Pin=L?-2
Added Pin To Net: NetName=NetL?_2 Pin=U?-6
Added Pin To Net: NetName=NetL?_2 Pin=U?-7
Added Net: Name=NetL?_2
Added Net: Name=NetP?_1
Added Net: Name=NetQ?_1
Added Net: Name=NetQ?_2
Added Pin To Net: NetName=NetR?_1 Pin=U?-3
Added Net: Name=NetR?_1
Added Pin To Net: NetName=NetR?_2 Pin=U?-2
Added Net: Name=NetR?_2
Added Pin To Net: NetName=OSC32_IN Pin=U?-3
Added Pin To Net: NetName=OSC32_IN Pin=X?-1
Added Net: Name=OSC32_IN
Added Pin To Net: NetName=OSC32_OUT Pin=U?-4
Added Pin To Net: NetName=OSC32_OUT Pin=X?-4
Added Net: Name=OSC32_OUT
Added Pin To Net: NetName=OSC_IN Pin=U?-5
Added Pin To Net: NetName=OSC_IN Pin=X?-1
Added Net: Name=OSC_IN
Added Pin To Net: NetName=OSC_OUT Pin=U?-6
Added Pin To Net: NetName=OSC_OUT Pin=X?-4
Added Net: Name=OSC_OUT
Added Pin To Net: NetName=Power_ON Pin=U?-13
Added Net: Name=Power_ON
Added Pin To Net: NetName=PS Pin=U?-13
Added Net: Name=PS
Added Pin To Net: NetName=REGOUT Pin=U?-10
Added Net: Name=REGOUT
Added Pin To Net: NetName=RST Pin=U?-7
Added Net: Name=RST
Added Pin To Net: NetName=SWCLK Pin=U?-37
Added Net: Name=SWCLK
Added Pin To Net: NetName=SWDIO Pin=U?-34
Added Net: Name=SWDIO
Added Pin To Net: NetName=TFT_BLK Pin=U?-31
Added Net: Name=TFT_BLK
Added Pin To Net: NetName=TFT_CS Pin=U?-14
Added Net: Name=TFT_CS
Added Pin To Net: NetName=TFT_DC Pin=U?-29
Added Net: Name=TFT_DC
Added Pin To Net: NetName=TFT_LEDK Pin=U?-11
Added Net: Name=TFT_LEDK
Added Pin To Net: NetName=TFT_RES Pin=U?-11
Added Net: Name=TFT_RES
Added Pin To Net: NetName=TFT_SCL Pin=U?-15
Added Net: Name=TFT_SCL
Added Pin To Net: NetName=TFT_SDA Pin=U?-17
Added Net: Name=TFT_SDA
Added Pin To Net: NetName=USB_VCC Pin=U?-4
Added Pin To Net: NetName=USB_VCC Pin=U?-8
Added Net: Name=USB_VCC
Added Pin To Net: NetName=VCAP_1 Pin=U?-22
Added Net: Name=VCAP_1
Added Pin To Net: NetName=VDD Pin=U?-24
Added Pin To Net: NetName=VDD Pin=U?-36
Added Pin To Net: NetName=VDD Pin=U?-48
Added Net: Name=VDD
Added Pin To Net: NetName=VSS Pin=U?-8
Added Pin To Net: NetName=VSS Pin=U?-23
Added Pin To Net: NetName=VSS Pin=U?-35
Added Pin To Net: NetName=VSS Pin=U?-44
Added Pin To Net: NetName=VSS Pin=U?-47
Added Pin To Net: NetName=VSS Pin=U?-49
Added Net: Name=VSS
Added Class: Name=BMP180气压传感器模块
Added Class: Name=IPS-LCD-1.14寸裸屏模块
Added Class: Name=MPU6050六轴模块
Added Class: Name=STM32F411CEU6模块
Added Class: Name=TP4056电池管理模块
Added Class: Name=TPS63020电源模块
Added Room: Name=BMP180气压传感器模块
Added Room: Name=IPS-LCD-1.14寸裸屏模块
Added Room: Name=MPU6050六轴模块
Added Room: Name=STM32F411CEU6模块
Added Room: Name=TP4056电池管理模块
Added Room: Name=TPS63020电源模块
