Removed Pin From Net: NetName=SWCLK Pin=USB1-A5
Removed Pin From Net: NetName=NetR8_1 Pin=USB1-A9
Removed Pin From Net: NetName=GND Pin=USB1-A12
Removed Pin From Net: NetName=SWDIO Pin=USB1-B5
Removed Pin From Net: NetName=NetR8_1 Pin=USB1-B9
Removed Pin From Net: NetName=GND Pin=USB1-B12
Change Component Footprint: Designator=USB1 Old Footprint=USB-C/S_C New Footprint=USB-MICRO_A
Change Component Comment : Designator=USB1 Old Comment=USB-C New Comment=USB-5P
Change component parameters: Designator = "USB1"; Footprint = "USB-MICRO_A"; UniqueID = "\RQVLGZSK\PFEMCATT"
Change component parameters. Clean all parameters for all variants
Change component parameters (AddParameter): Name = "BOM名称"; Value = "微型USB母座"; VariantName = "[No Variations]"
Change component parameters (AddParameter): Name = "学习资源"; Value = "www.ooocke.com"; VariantName = "[No Variations]"
Change component parameters (AddParameter): Name = "版权归属"; Value = "源创客"; VariantName = "[No Variations]"
Added Pin To Net: NetName=NetR8_1 Pin=USB1-1
Added Pin To Net: NetName=SWCLK Pin=USB1-2
Added Pin To Net: NetName=SWDIO Pin=USB1-3
Added Pin To Net: NetName=GND Pin=USB1-5
Added Pin To Net: NetName=GND Pin=USB1-5
Added Pin To Net: NetName=GND Pin=USB1-5
Added Pin To Net: NetName=GND Pin=USB1-5
Added Pin To Net: NetName=GND Pin=USB1-5
Added Pin To Net: NetName=GND Pin=USB1-5
Added Pin To Net: NetName=GND Pin=USB1-5
Added Room: Name=Designator
Added Room: Name=Designator
Added Room: Name=Designator
Added Room: Name=Designator
Added Room: Name=Designator
Added Room: Name=Designator
Added Room: Name=Designator
Added Room: Name=Designator
