Added Component: Designator=C1(C 0402_M)
Add component. Clean all parameters for all variants
Add component (AddParameter): Name = "BOM名称"; Value = "无极性贴片电容"; VariantName = "[No Variations]"
Add component (AddParameter): Name = "学习资源"; Value = "https://lmdzstyle.taobao.com/"; VariantName = "[No Variations]"
Add component (AddParameter): Name = "版权归属"; Value = "黎明电子style"; VariantName = "[No Variations]"
Added Component: Designator=C2(C 0402_M)
Add component. Clean all parameters for all variants
Add component (AddParameter): Name = "BOM名称"; Value = "无极性贴片电容"; VariantName = "[No Variations]"
Add component (AddParameter): Name = "学习资源"; Value = "https://lmdzstyle.taobao.com/"; VariantName = "[No Variations]"
Add component (AddParameter): Name = "版权归属"; Value = "黎明电子style"; VariantName = "[No Variations]"
Added Component: Designator=C3(C 0603_L)
Add component. Clean all parameters for all variants
Add component (AddParameter): Name = "BOM名称"; Value = "无极性贴片电容"; VariantName = "[No Variations]"
Add component (AddParameter): Name = "学习资源"; Value = "https://lmdzstyle.taobao.com/"; VariantName = "[No Variations]"
Add component (AddParameter): Name = "版权归属"; Value = "黎明电子style"; VariantName = "[No Variations]"
Added Component: Designator=C4(C 0402_M)
Add component. Clean all parameters for all variants
Add component (AddParameter): Name = "BOM名称"; Value = "无极性贴片电容"; VariantName = "[No Variations]"
Add component (AddParameter): Name = "学习资源"; Value = "https://lmdzstyle.taobao.com/"; VariantName = "[No Variations]"
Add component (AddParameter): Name = "版权归属"; Value = "黎明电子style"; VariantName = "[No Variations]"
Added Component: Designator=C5(C 0402_M)
Add component. Clean all parameters for all variants
Add component (AddParameter): Name = "BOM名称"; Value = "无极性贴片电容"; VariantName = "[No Variations]"
Add component (AddParameter): Name = "学习资源"; Value = "https://lmdzstyle.taobao.com/"; VariantName = "[No Variations]"
Add component (AddParameter): Name = "版权归属"; Value = "黎明电子style"; VariantName = "[No Variations]"
Added Component: Designator=C6(C 0603_L)
Add component. Clean all parameters for all variants
Add component (AddParameter): Name = "BOM名称"; Value = "无极性贴片电容"; VariantName = "[No Variations]"
Add component (AddParameter): Name = "学习资源"; Value = "https://lmdzstyle.taobao.com/"; VariantName = "[No Variations]"
Add component (AddParameter): Name = "版权归属"; Value = "黎明电子style"; VariantName = "[No Variations]"
Added Component: Designator=C7(C 0603_L)
Add component. Clean all parameters for all variants
Add component (AddParameter): Name = "BOM名称"; Value = "无极性贴片电容"; VariantName = "[No Variations]"
Add component (AddParameter): Name = "学习资源"; Value = "https://lmdzstyle.taobao.com/"; VariantName = "[No Variations]"
Add component (AddParameter): Name = "版权归属"; Value = "黎明电子style"; VariantName = "[No Variations]"
Added Component: Designator=C8(C 0603_L)
Add component. Clean all parameters for all variants
Add component (AddParameter): Name = "BOM名称"; Value = "无极性贴片电容"; VariantName = "[No Variations]"
Add component (AddParameter): Name = "学习资源"; Value = "https://lmdzstyle.taobao.com/"; VariantName = "[No Variations]"
Add component (AddParameter): Name = "版权归属"; Value = "黎明电子style"; VariantName = "[No Variations]"
Added Component: Designator=C9(C 0603_L)
Add component. Clean all parameters for all variants
Add component (AddParameter): Name = "BOM名称"; Value = "无极性贴片电容"; VariantName = "[No Variations]"
Add component (AddParameter): Name = "学习资源"; Value = "https://lmdzstyle.taobao.com/"; VariantName = "[No Variations]"
Add component (AddParameter): Name = "版权归属"; Value = "黎明电子style"; VariantName = "[No Variations]"
Added Component: Designator=C10(C 0402_M)
Add component. Clean all parameters for all variants
Add component (AddParameter): Name = "BOM名称"; Value = "无极性贴片电容"; VariantName = "[No Variations]"
Add component (AddParameter): Name = "学习资源"; Value = "https://lmdzstyle.taobao.com/"; VariantName = "[No Variations]"
Add component (AddParameter): Name = "版权归属"; Value = "黎明电子style"; VariantName = "[No Variations]"
Added Component: Designator=C11(C 0603_L)
Add component. Clean all parameters for all variants
Add component (AddParameter): Name = "BOM名称"; Value = "无极性贴片电容"; VariantName = "[No Variations]"
Add component (AddParameter): Name = "学习资源"; Value = "https://lmdzstyle.taobao.com/"; VariantName = "[No Variations]"
Add component (AddParameter): Name = "版权归属"; Value = "黎明电子style"; VariantName = "[No Variations]"
Added Component: Designator=C12(C 0603_L)
Add component. Clean all parameters for all variants
Add component (AddParameter): Name = "BOM名称"; Value = "无极性贴片电容"; VariantName = "[No Variations]"
Add component (AddParameter): Name = "学习资源"; Value = "https://lmdzstyle.taobao.com/"; VariantName = "[No Variations]"
Add component (AddParameter): Name = "版权归属"; Value = "黎明电子style"; VariantName = "[No Variations]"
Added Component: Designator=C13(C 0603_L)
Add component. Clean all parameters for all variants
Add component (AddParameter): Name = "BOM名称"; Value = "无极性贴片电容"; VariantName = "[No Variations]"
Add component (AddParameter): Name = "学习资源"; Value = "https://lmdzstyle.taobao.com/"; VariantName = "[No Variations]"
Add component (AddParameter): Name = "版权归属"; Value = "黎明电子style"; VariantName = "[No Variations]"
Added Component: Designator=C14(C 0603_L)
Add component. Clean all parameters for all variants
Add component (AddParameter): Name = "BOM名称"; Value = "无极性贴片电容"; VariantName = "[No Variations]"
Add component (AddParameter): Name = "学习资源"; Value = "https://lmdzstyle.taobao.com/"; VariantName = "[No Variations]"
Add component (AddParameter): Name = "版权归属"; Value = "黎明电子style"; VariantName = "[No Variations]"
Added Component: Designator=C15(C 0603_L)
Add component. Clean all parameters for all variants
Add component (AddParameter): Name = "BOM名称"; Value = "无极性贴片电容"; VariantName = "[No Variations]"
Add component (AddParameter): Name = "学习资源"; Value = "https://lmdzstyle.taobao.com/"; VariantName = "[No Variations]"
Add component (AddParameter): Name = "版权归属"; Value = "黎明电子style"; VariantName = "[No Variations]"
Added Component: Designator=C16(C 0603_L)
Add component. Clean all parameters for all variants
Add component (AddParameter): Name = "BOM名称"; Value = "无极性贴片电容"; VariantName = "[No Variations]"
Add component (AddParameter): Name = "学习资源"; Value = "https://lmdzstyle.taobao.com/"; VariantName = "[No Variations]"
Add component (AddParameter): Name = "版权归属"; Value = "黎明电子style"; VariantName = "[No Variations]"
Added Component: Designator=C17(C 0603_L)
Add component. Clean all parameters for all variants
Add component (AddParameter): Name = "BOM名称"; Value = "无极性贴片电容"; VariantName = "[No Variations]"
Add component (AddParameter): Name = "学习资源"; Value = "https://lmdzstyle.taobao.com/"; VariantName = "[No Variations]"
Add component (AddParameter): Name = "版权归属"; Value = "黎明电子style"; VariantName = "[No Variations]"
Added Component: Designator=C18(C 0603_L)
Add component. Clean all parameters for all variants
Add component (AddParameter): Name = "BOM名称"; Value = "无极性贴片电容"; VariantName = "[No Variations]"
Add component (AddParameter): Name = "学习资源"; Value = "https://lmdzstyle.taobao.com/"; VariantName = "[No Variations]"
Add component (AddParameter): Name = "版权归属"; Value = "黎明电子style"; VariantName = "[No Variations]"
Added Component: Designator=C19(C 0603_L)
Add component. Clean all parameters for all variants
Add component (AddParameter): Name = "BOM名称"; Value = "无极性贴片电容"; VariantName = "[No Variations]"
Add component (AddParameter): Name = "学习资源"; Value = "https://lmdzstyle.taobao.com/"; VariantName = "[No Variations]"
Add component (AddParameter): Name = "版权归属"; Value = "黎明电子style"; VariantName = "[No Variations]"
Added Component: Designator=C20(C 0603_L)
Add component. Clean all parameters for all variants
Add component (AddParameter): Name = "BOM名称"; Value = "无极性贴片电容"; VariantName = "[No Variations]"
Add component (AddParameter): Name = "学习资源"; Value = "https://lmdzstyle.taobao.com/"; VariantName = "[No Variations]"
Add component (AddParameter): Name = "版权归属"; Value = "黎明电子style"; VariantName = "[No Variations]"
Added Component: Designator=C21(C 0603_L)
Add component. Clean all parameters for all variants
Add component (AddParameter): Name = "BOM名称"; Value = "无极性贴片电容"; VariantName = "[No Variations]"
Add component (AddParameter): Name = "学习资源"; Value = "https://lmdzstyle.taobao.com/"; VariantName = "[No Variations]"
Add component (AddParameter): Name = "版权归属"; Value = "黎明电子style"; VariantName = "[No Variations]"
Added Component: Designator=D1(SOD-323)
Add component. Clean all parameters for all variants
Add component (AddParameter): Name = "BOM名称"; Value = "肖特基二极管"; VariantName = "[No Variations]"
Add component (AddParameter): Name = "学习资源"; Value = "www.ooocke.com"; VariantName = "[No Variations]"
Add component (AddParameter): Name = "属性"; Value = "40V/2A"; VariantName = "[No Variations]"
Add component (AddParameter): Name = "版权归属"; Value = "源创客"; VariantName = "[No Variations]"
Added Component: Designator=D2(SOD-323)
Add component. Clean all parameters for all variants
Add component (AddParameter): Name = "BOM名称"; Value = "肖特基二极管"; VariantName = "[No Variations]"
Add component (AddParameter): Name = "学习资源"; Value = "www.ooocke.com"; VariantName = "[No Variations]"
Add component (AddParameter): Name = "属性"; Value = "40V/2A"; VariantName = "[No Variations]"
Add component (AddParameter): Name = "版权归属"; Value = "源创客"; VariantName = "[No Variations]"
Added Component: Designator=D3(SOD-323)
Add component. Clean all parameters for all variants
Add component (AddParameter): Name = "BOM名称"; Value = "肖特基二极管"; VariantName = "[No Variations]"
Add component (AddParameter): Name = "学习资源"; Value = "www.ooocke.com"; VariantName = "[No Variations]"
Add component (AddParameter): Name = "属性"; Value = "40V/2A"; VariantName = "[No Variations]"
Add component (AddParameter): Name = "版权归属"; Value = "源创客"; VariantName = "[No Variations]"
Added Component: Designator=D4(SOD-323)
Add component. Clean all parameters for all variants
Add component (AddParameter): Name = "BOM名称"; Value = "肖特基二极管"; VariantName = "[No Variations]"
Add component (AddParameter): Name = "学习资源"; Value = "www.ooocke.com"; VariantName = "[No Variations]"
Add component (AddParameter): Name = "属性"; Value = "40V/2A"; VariantName = "[No Variations]"
Add component (AddParameter): Name = "版权归属"; Value = "源创客"; VariantName = "[No Variations]"
Added Component: Designator=D?(SOD-323)
Add component. Clean all parameters for all variants
Added Component: Designator=E1(CD A(3216))
Add component. Clean all parameters for all variants
Add component (AddParameter): Name = "BOM名称"; Value = "贴片钽电容"; VariantName = "[No Variations]"
Add component (AddParameter): Name = "学习资源"; Value = "https://lmdzstyle.taobao.com/"; VariantName = "[No Variations]"
Add component (AddParameter): Name = "版权归属"; Value = "黎明电子style"; VariantName = "[No Variations]"
Added Component: Designator=E2(CD A(3216))
Add component. Clean all parameters for all variants
Add component (AddParameter): Name = "BOM名称"; Value = "贴片钽电容"; VariantName = "[No Variations]"
Add component (AddParameter): Name = "学习资源"; Value = "https://lmdzstyle.taobao.com/"; VariantName = "[No Variations]"
Add component (AddParameter): Name = "版权归属"; Value = "黎明电子style"; VariantName = "[No Variations]"
Added Component: Designator=E3(CD A(3216))
Add component. Clean all parameters for all variants
Add component (AddParameter): Name = "BOM名称"; Value = "贴片钽电容"; VariantName = "[No Variations]"
Add component (AddParameter): Name = "学习资源"; Value = "https://lmdzstyle.taobao.com/"; VariantName = "[No Variations]"
Add component (AddParameter): Name = "版权归属"; Value = "黎明电子style"; VariantName = "[No Variations]"
Added Component: Designator=E4(CD A(3216))
Add component. Clean all parameters for all variants
Add component (AddParameter): Name = "BOM名称"; Value = "贴片钽电容"; VariantName = "[No Variations]"
Add component (AddParameter): Name = "学习资源"; Value = "https://lmdzstyle.taobao.com/"; VariantName = "[No Variations]"
Add component (AddParameter): Name = "版权归属"; Value = "黎明电子style"; VariantName = "[No Variations]"
Added Component: Designator=E5(CD A(3216))
Add component. Clean all parameters for all variants
Add component (AddParameter): Name = "BOM名称"; Value = "贴片钽电容"; VariantName = "[No Variations]"
Add component (AddParameter): Name = "学习资源"; Value = "https://lmdzstyle.taobao.com/"; VariantName = "[No Variations]"
Add component (AddParameter): Name = "版权归属"; Value = "黎明电子style"; VariantName = "[No Variations]"
Added Component: Designator=IC1(SOT23-3L)
Add component. Clean all parameters for all variants
Added Component: Designator=JP1(HDR2.54-LI-2P)
Add component. Clean all parameters for all variants
Add component (AddParameter): Name = "BOM名称"; Value = "2P接插件"; VariantName = "[No Variations]"
Add component (AddParameter): Name = "学习资源"; Value = "www.ooocke.com"; VariantName = "[No Variations]"
Add component (AddParameter): Name = "版权归属"; Value = "源创客"; VariantName = "[No Variations]"
Added Component: Designator=L?(SMD,4.75x4.45x2mm)
Add component. Clean all parameters for all variants
Add component (AddParameter): Name = "BOM名称"; Value = "功率电感"; VariantName = "[No Variations]"
Add component (AddParameter): Name = "学习资源"; Value = "https://lmdzstyle.taobao.com/"; VariantName = "[No Variations]"
Add component (AddParameter): Name = "版权归属"; Value = "黎明电子style"; VariantName = "[No Variations]"
Added Component: Designator=LED1(LED 0603G)
Add component. Clean all parameters for all variants
Add component (AddParameter): Name = "BOM名称"; Value = "贴片LED"; VariantName = "[No Variations]"
Add component (AddParameter): Name = "学习资源"; Value = "www.ooocke.com"; VariantName = "[No Variations]"
Add component (AddParameter): Name = "版权归属"; Value = "源创客"; VariantName = "[No Variations]"
Added Component: Designator=LED2(LED 0603R)
Add component. Clean all parameters for all variants
Add component (AddParameter): Name = "BOM名称"; Value = "贴片LED"; VariantName = "[No Variations]"
Add component (AddParameter): Name = "学习资源"; Value = "www.ooocke.com"; VariantName = "[No Variations]"
Add component (AddParameter): Name = "版权归属"; Value = "源创客"; VariantName = "[No Variations]"
Added Component: Designator=LED3(LED 0603B)
Add component. Clean all parameters for all variants
Add component (AddParameter): Name = "BOM名称"; Value = "贴片LED"; VariantName = "[No Variations]"
Add component (AddParameter): Name = "学习资源"; Value = "www.ooocke.com"; VariantName = "[No Variations]"
Add component (AddParameter): Name = "版权归属"; Value = "源创客"; VariantName = "[No Variations]"
Added Component: Designator=Q1(SOT23-3N)
Add component. Clean all parameters for all variants
Add component (AddParameter): Name = "BOM名称"; Value = "高频放大-NPN型"; VariantName = "[No Variations]"
Add component (AddParameter): Name = "学习资源"; Value = "www.ooocke.com"; VariantName = "[No Variations]"
Add component (AddParameter): Name = "属性"; Value = "40V 1.5A 1W 100MHZ"; VariantName = "[No Variations]"
Add component (AddParameter): Name = "版权归属"; Value = "源创客"; VariantName = "[No Variations]"
Added Component: Designator=Q2(SOT23-3L)
Add component. Clean all parameters for all variants
Added Component: Designator=Q3(SOT23-3L)
Add component. Clean all parameters for all variants
Added Component: Designator=Q4(SOT23-3L)
Add component. Clean all parameters for all variants
Added Component: Designator=Q5(SOT23-3N)
Add component. Clean all parameters for all variants
Add component (AddParameter): Name = "BOM名称"; Value = "高频放大-NPN型"; VariantName = "[No Variations]"
Add component (AddParameter): Name = "学习资源"; Value = "www.ooocke.com"; VariantName = "[No Variations]"
Add component (AddParameter): Name = "属性"; Value = "40V 1.5A 1W 100MHZ"; VariantName = "[No Variations]"
Add component (AddParameter): Name = "版权归属"; Value = "源创客"; VariantName = "[No Variations]"
Added Component: Designator=R1(R 0603_L)
Add component. Clean all parameters for all variants
Add component (AddParameter): Name = "BOM名称"; Value = "贴片电阻"; VariantName = "[No Variations]"
Add component (AddParameter): Name = "学习资源"; Value = "https://lmdzstyle.taobao.com/"; VariantName = "[No Variations]"
Add component (AddParameter): Name = "版权归属"; Value = "黎明电子style"; VariantName = "[No Variations]"
Added Component: Designator=R2(R 0603_L)
Add component. Clean all parameters for all variants
Add component (AddParameter): Name = "BOM名称"; Value = "贴片电阻"; VariantName = "[No Variations]"
Add component (AddParameter): Name = "学习资源"; Value = "https://lmdzstyle.taobao.com/"; VariantName = "[No Variations]"
Add component (AddParameter): Name = "版权归属"; Value = "黎明电子style"; VariantName = "[No Variations]"
Added Component: Designator=R3(R 0603_L)
Add component. Clean all parameters for all variants
Add component (AddParameter): Name = "BOM名称"; Value = "贴片电阻"; VariantName = "[No Variations]"
Add component (AddParameter): Name = "学习资源"; Value = "https://lmdzstyle.taobao.com/"; VariantName = "[No Variations]"
Add component (AddParameter): Name = "版权归属"; Value = "黎明电子style"; VariantName = "[No Variations]"
Added Component: Designator=R4(R 0603_L)
Add component. Clean all parameters for all variants
Add component (AddParameter): Name = "BOM名称"; Value = "贴片电阻"; VariantName = "[No Variations]"
Add component (AddParameter): Name = "学习资源"; Value = "https://lmdzstyle.taobao.com/"; VariantName = "[No Variations]"
Add component (AddParameter): Name = "版权归属"; Value = "黎明电子style"; VariantName = "[No Variations]"
Added Component: Designator=R5(R 0603_L)
Add component. Clean all parameters for all variants
Add component (AddParameter): Name = "BOM名称"; Value = "贴片电阻"; VariantName = "[No Variations]"
Add component (AddParameter): Name = "学习资源"; Value = "https://lmdzstyle.taobao.com/"; VariantName = "[No Variations]"
Add component (AddParameter): Name = "版权归属"; Value = "黎明电子style"; VariantName = "[No Variations]"
Added Component: Designator=R6(R 0603_L)
Add component. Clean all parameters for all variants
Add component (AddParameter): Name = "BOM名称"; Value = "贴片电阻"; VariantName = "[No Variations]"
Add component (AddParameter): Name = "学习资源"; Value = "https://lmdzstyle.taobao.com/"; VariantName = "[No Variations]"
Add component (AddParameter): Name = "版权归属"; Value = "黎明电子style"; VariantName = "[No Variations]"
Added Component: Designator=R7(R 0603_L)
Add component. Clean all parameters for all variants
Add component (AddParameter): Name = "BOM名称"; Value = "贴片电阻"; VariantName = "[No Variations]"
Add component (AddParameter): Name = "学习资源"; Value = "https://lmdzstyle.taobao.com/"; VariantName = "[No Variations]"
Add component (AddParameter): Name = "版权归属"; Value = "黎明电子style"; VariantName = "[No Variations]"
Added Component: Designator=R8(R 0603_L)
Add component. Clean all parameters for all variants
Add component (AddParameter): Name = "BOM名称"; Value = "贴片电阻"; VariantName = "[No Variations]"
Add component (AddParameter): Name = "学习资源"; Value = "https://lmdzstyle.taobao.com/"; VariantName = "[No Variations]"
Add component (AddParameter): Name = "版权归属"; Value = "黎明电子style"; VariantName = "[No Variations]"
Added Component: Designator=R9(R 0603_L)
Add component. Clean all parameters for all variants
Add component (AddParameter): Name = "BOM名称"; Value = "贴片电阻"; VariantName = "[No Variations]"
Add component (AddParameter): Name = "学习资源"; Value = "https://lmdzstyle.taobao.com/"; VariantName = "[No Variations]"
Add component (AddParameter): Name = "版权归属"; Value = "黎明电子style"; VariantName = "[No Variations]"
Added Component: Designator=R10(R 0603_L)
Add component. Clean all parameters for all variants
Add component (AddParameter): Name = "BOM名称"; Value = "贴片电阻"; VariantName = "[No Variations]"
Add component (AddParameter): Name = "学习资源"; Value = "https://lmdzstyle.taobao.com/"; VariantName = "[No Variations]"
Add component (AddParameter): Name = "版权归属"; Value = "黎明电子style"; VariantName = "[No Variations]"
Added Component: Designator=R11(R 0603_L)
Add component. Clean all parameters for all variants
Add component (AddParameter): Name = "BOM名称"; Value = "贴片电阻"; VariantName = "[No Variations]"
Add component (AddParameter): Name = "学习资源"; Value = "https://lmdzstyle.taobao.com/"; VariantName = "[No Variations]"
Add component (AddParameter): Name = "版权归属"; Value = "黎明电子style"; VariantName = "[No Variations]"
Added Component: Designator=R12(R 0603_L)
Add component. Clean all parameters for all variants
Add component (AddParameter): Name = "BOM名称"; Value = "贴片电阻"; VariantName = "[No Variations]"
Add component (AddParameter): Name = "学习资源"; Value = "https://lmdzstyle.taobao.com/"; VariantName = "[No Variations]"
Add component (AddParameter): Name = "版权归属"; Value = "黎明电子style"; VariantName = "[No Variations]"
Added Component: Designator=R13(R 0603_L)
Add component. Clean all parameters for all variants
Add component (AddParameter): Name = "BOM名称"; Value = "贴片电阻"; VariantName = "[No Variations]"
Add component (AddParameter): Name = "学习资源"; Value = "https://lmdzstyle.taobao.com/"; VariantName = "[No Variations]"
Add component (AddParameter): Name = "版权归属"; Value = "黎明电子style"; VariantName = "[No Variations]"
Added Component: Designator=R14(R 0603_L)
Add component. Clean all parameters for all variants
Add component (AddParameter): Name = "BOM名称"; Value = "贴片电阻"; VariantName = "[No Variations]"
Add component (AddParameter): Name = "学习资源"; Value = "https://lmdzstyle.taobao.com/"; VariantName = "[No Variations]"
Add component (AddParameter): Name = "版权归属"; Value = "黎明电子style"; VariantName = "[No Variations]"
Added Component: Designator=R15(R 0603_L)
Add component. Clean all parameters for all variants
Add component (AddParameter): Name = "BOM名称"; Value = "贴片电阻"; VariantName = "[No Variations]"
Add component (AddParameter): Name = "学习资源"; Value = "https://lmdzstyle.taobao.com/"; VariantName = "[No Variations]"
Add component (AddParameter): Name = "版权归属"; Value = "黎明电子style"; VariantName = "[No Variations]"
Added Component: Designator=R16(R 0603_L)
Add component. Clean all parameters for all variants
Add component (AddParameter): Name = "BOM名称"; Value = "贴片电阻"; VariantName = "[No Variations]"
Add component (AddParameter): Name = "学习资源"; Value = "https://lmdzstyle.taobao.com/"; VariantName = "[No Variations]"
Add component (AddParameter): Name = "版权归属"; Value = "黎明电子style"; VariantName = "[No Variations]"
Added Component: Designator=R17(R 0603_L)
Add component. Clean all parameters for all variants
Add component (AddParameter): Name = "BOM名称"; Value = "贴片电阻"; VariantName = "[No Variations]"
Add component (AddParameter): Name = "学习资源"; Value = "https://lmdzstyle.taobao.com/"; VariantName = "[No Variations]"
Add component (AddParameter): Name = "版权归属"; Value = "黎明电子style"; VariantName = "[No Variations]"
Added Component: Designator=R18(R 0603_L)
Add component. Clean all parameters for all variants
Add component (AddParameter): Name = "BOM名称"; Value = "贴片电阻"; VariantName = "[No Variations]"
Add component (AddParameter): Name = "学习资源"; Value = "https://lmdzstyle.taobao.com/"; VariantName = "[No Variations]"
Add component (AddParameter): Name = "版权归属"; Value = "黎明电子style"; VariantName = "[No Variations]"
Added Component: Designator=R19(R 0603_L)
Add component. Clean all parameters for all variants
Add component (AddParameter): Name = "BOM名称"; Value = "贴片电阻"; VariantName = "[No Variations]"
Add component (AddParameter): Name = "学习资源"; Value = "https://lmdzstyle.taobao.com/"; VariantName = "[No Variations]"
Add component (AddParameter): Name = "版权归属"; Value = "黎明电子style"; VariantName = "[No Variations]"
Added Component: Designator=R20(R 0603_L)
Add component. Clean all parameters for all variants
Add component (AddParameter): Name = "BOM名称"; Value = "贴片电阻"; VariantName = "[No Variations]"
Add component (AddParameter): Name = "学习资源"; Value = "https://lmdzstyle.taobao.com/"; VariantName = "[No Variations]"
Add component (AddParameter): Name = "版权归属"; Value = "黎明电子style"; VariantName = "[No Variations]"
Added Component: Designator=R21(R 0603_L)
Add component. Clean all parameters for all variants
Add component (AddParameter): Name = "BOM名称"; Value = "贴片电阻"; VariantName = "[No Variations]"
Add component (AddParameter): Name = "学习资源"; Value = "https://lmdzstyle.taobao.com/"; VariantName = "[No Variations]"
Add component (AddParameter): Name = "版权归属"; Value = "黎明电子style"; VariantName = "[No Variations]"
Added Component: Designator=R22(R 0603_L)
Add component. Clean all parameters for all variants
Add component (AddParameter): Name = "BOM名称"; Value = "贴片电阻"; VariantName = "[No Variations]"
Add component (AddParameter): Name = "学习资源"; Value = "https://lmdzstyle.taobao.com/"; VariantName = "[No Variations]"
Add component (AddParameter): Name = "版权归属"; Value = "黎明电子style"; VariantName = "[No Variations]"
Added Component: Designator=R23(R 0603_L)
Add component. Clean all parameters for all variants
Add component (AddParameter): Name = "BOM名称"; Value = "贴片电阻"; VariantName = "[No Variations]"
Add component (AddParameter): Name = "学习资源"; Value = "https://lmdzstyle.taobao.com/"; VariantName = "[No Variations]"
Add component (AddParameter): Name = "版权归属"; Value = "黎明电子style"; VariantName = "[No Variations]"
Added Component: Designator=R24(R 0603_L)
Add component. Clean all parameters for all variants
Add component (AddParameter): Name = "BOM名称"; Value = "贴片电阻"; VariantName = "[No Variations]"
Add component (AddParameter): Name = "学习资源"; Value = "https://lmdzstyle.taobao.com/"; VariantName = "[No Variations]"
Add component (AddParameter): Name = "版权归属"; Value = "黎明电子style"; VariantName = "[No Variations]"
Added Component: Designator=R25(R 0603_L)
Add component. Clean all parameters for all variants
Add component (AddParameter): Name = "BOM名称"; Value = "贴片电阻"; VariantName = "[No Variations]"
Add component (AddParameter): Name = "学习资源"; Value = "https://lmdzstyle.taobao.com/"; VariantName = "[No Variations]"
Add component (AddParameter): Name = "版权归属"; Value = "黎明电子style"; VariantName = "[No Variations]"
Added Component: Designator=R26(R 0603_L)
Add component. Clean all parameters for all variants
Add component (AddParameter): Name = "BOM名称"; Value = "贴片电阻"; VariantName = "[No Variations]"
Add component (AddParameter): Name = "学习资源"; Value = "https://lmdzstyle.taobao.com/"; VariantName = "[No Variations]"
Add component (AddParameter): Name = "版权归属"; Value = "黎明电子style"; VariantName = "[No Variations]"
Added Component: Designator=R27(R 0603_L)
Add component. Clean all parameters for all variants
Add component (AddParameter): Name = "BOM名称"; Value = "贴片电阻"; VariantName = "[No Variations]"
Add component (AddParameter): Name = "学习资源"; Value = "https://lmdzstyle.taobao.com/"; VariantName = "[No Variations]"
Add component (AddParameter): Name = "版权归属"; Value = "黎明电子style"; VariantName = "[No Variations]"
Added Component: Designator=SW1(TSW 3*6*4.3-S-W)
Add component. Clean all parameters for all variants
Add component (AddParameter): Name = "BOM名称"; Value = "3x6轻触开关"; VariantName = "[No Variations]"
Add component (AddParameter): Name = "学习资源"; Value = "www.ooocke.com"; VariantName = "[No Variations]"
Add component (AddParameter): Name = "版权归属"; Value = "源创客"; VariantName = "[No Variations]"
Added Component: Designator=SW2(TSW 3*6*4.3-S-W)
Add component. Clean all parameters for all variants
Add component (AddParameter): Name = "BOM名称"; Value = "3x6轻触开关"; VariantName = "[No Variations]"
Add component (AddParameter): Name = "学习资源"; Value = "www.ooocke.com"; VariantName = "[No Variations]"
Add component (AddParameter): Name = "版权归属"; Value = "源创客"; VariantName = "[No Variations]"
Added Component: Designator=SW3(TSW 3*6*4.3-S-W)
Add component. Clean all parameters for all variants
Add component (AddParameter): Name = "BOM名称"; Value = "3x6轻触开关"; VariantName = "[No Variations]"
Add component (AddParameter): Name = "学习资源"; Value = "www.ooocke.com"; VariantName = "[No Variations]"
Add component (AddParameter): Name = "版权归属"; Value = "源创客"; VariantName = "[No Variations]"
Added Component: Designator=SW4(TSW 3*6*4.3-S-W)
Add component. Clean all parameters for all variants
Add component (AddParameter): Name = "BOM名称"; Value = "3x6轻触开关"; VariantName = "[No Variations]"
Add component (AddParameter): Name = "学习资源"; Value = "www.ooocke.com"; VariantName = "[No Variations]"
Add component (AddParameter): Name = "版权归属"; Value = "源创客"; VariantName = "[No Variations]"
Added Component: Designator=SW5(TSW 3*6*4.3-S-W)
Add component. Clean all parameters for all variants
Add component (AddParameter): Name = "BOM名称"; Value = "3x6轻触开关"; VariantName = "[No Variations]"
Add component (AddParameter): Name = "学习资源"; Value = "www.ooocke.com"; VariantName = "[No Variations]"
Add component (AddParameter): Name = "版权归属"; Value = "源创客"; VariantName = "[No Variations]"
Added Component: Designator=U1(QFN48 7X7_N)
Add component. Clean all parameters for all variants
Add component (AddParameter): Name = "ComponentLink1Description"; Value = "Manufacturer URL"; VariantName = "[No Variations]"
Add component (AddParameter): Name = "ComponentLink1URL"; Value = "http://www.st.com/web/en/home.html"; VariantName = "[No Variations]"
Add component (AddParameter): Name = "ComponentLink2Description"; Value = "Datasheet"; VariantName = "[No Variations]"
Add component (AddParameter): Name = "ComponentLink2URL"; Value = "http://www.st.com/st-web-ui/static/active/en/resource/technical/document/data_brief/DM00071938.pdf"; VariantName = "[No Variations]"
Add component (AddParameter): Name = "ComponentLink3Description"; Value = "Package Specification"; VariantName = "[No Variations]"
Add component (AddParameter): Name = "ComponentLink3URL"; Value = "http://www.st.com/st-web-ui/static/active/en/resource/technical/document/data_brief/DM00071938.pdf"; VariantName = "[No Variations]"
Add component (AddParameter): Name = "Core"; Value = "ARM Cortex-M4"; VariantName = "[No Variations]"
Add component (AddParameter): Name = "DatasheetVersion"; Value = "Rev. 1"; VariantName = "[No Variations]"
Add component (AddParameter): Name = "FLASH Size (Prog) (kB)"; Value = "256"; VariantName = "[No Variations]"
Add component (AddParameter): Name = "I/Os (High Current)"; Value = "36"; VariantName = "[No Variations]"
Add component (AddParameter): Name = "Internal RAM Size (kB)"; Value = "64"; VariantName = "[No Variations]"
Add component (AddParameter): Name = "Manufacturer"; Value = "STMicroelectronics"; VariantName = "[No Variations]"
Add component (AddParameter): Name = "Mounting Technology"; Value = "Surface Mount"; VariantName = "[No Variations]"
Add component (AddParameter): Name = "Operating Frequency(F) (Processor speed) (MHz)"; Value = "84"; VariantName = "[No Variations]"
Add component (AddParameter): Name = "PackageDescription"; Value = "48-Pin Ultra Thin Fine Pitch Quad Flat No-Lead, 7 x 7 x 0.6 mm Body, 0.5 mm Pitch, Exposed Pad"; VariantName = "[No Variations]"
Add component (AddParameter): Name = "PackageReference"; Value = "UFQFPN48"; VariantName = "[No Variations]"
Add component (AddParameter): Name = "PackageVersion"; Value = "Rev. 1, 04/2013"; VariantName = "[No Variations]"
Add component (AddParameter): Name = "Packing"; Value = "Tray"; VariantName = "[No Variations]"
Add component (AddParameter): Name = "PartNumber"; Value = "STM32F401CCU6"; VariantName = "[No Variations]"
Add component (AddParameter): Name = "Supplier 1"; Value = "Newark"; VariantName = "[No Variations]"
Add component (AddParameter): Name = "Supplier 2"; Value = "Mouser"; VariantName = "[No Variations]"
Add component (AddParameter): Name = "Supplier Part Number 1"; Value = "19X6217"; VariantName = "[No Variations]"
Add component (AddParameter): Name = "Supplier Part Number 2"; Value = "511-STM32F401CCU6"; VariantName = "[No Variations]"
Add component (AddParameter): Name = "Supply Voltage(Vcc) max (V)"; Value = "3.6"; VariantName = "[No Variations]"
Add component (AddParameter): Name = "Supply Voltage(Vcc) min (V)"; Value = "1.8"; VariantName = "[No Variations]"
Added Component: Designator=U2(1.14IPS-LCD)
Add component. Clean all parameters for all variants
Added Component: Designator=U3(QFN24 4x4_L)
Add component. Clean all parameters for all variants
Add component (AddParameter): Name = "BOM名称"; Value = "数字运动传感器"; VariantName = "[No Variations]"
Add component (AddParameter): Name = "学习资源"; Value = "www.ooocke.com"; VariantName = "[No Variations]"
Add component (AddParameter): Name = "版权归属"; Value = "源创客"; VariantName = "[No Variations]"
Added Component: Designator=U4(LGA-7)
Add component. Clean all parameters for all variants
Add component (AddParameter): Name = "Digi-Key_Part_Number"; Value = "828-1027-1-ND"; VariantName = "[No Variations]"
Add component (AddParameter): Name = "Digi-Key_Purchase_URL"; Value = "https://www.digikey.com/product-detail/en/bosch-sensortec/BMP180/828-1027-1-ND/2688260?utm_source=snapeda&utm_medium=aggregator&utm_campaign=symbol"; VariantName = "[No Variations]"
Add component (AddParameter): Name = "MF"; Value = "Bosch Sensortec"; VariantName = "[No Variations]"
Add component (AddParameter): Name = "MP"; Value = "BMP180"; VariantName = "[No Variations]"
Add component (AddParameter): Name = "Package"; Value = "VLGA-7 Bosch Sensortec"; VariantName = "[No Variations]"
Add component (AddParameter): Name = "SnapEDA_Link"; Value = "https://www.snapeda.com/parts/BMP180/Bosch%20Sensortec/view-part/587596/?ref=snap"; VariantName = "[No Variations]"
Add component (AddParameter): Name = "Value"; Value = ""; VariantName = "[No Variations]"
Added Component: Designator=USB?(USB-C/S_C)
Add component. Clean all parameters for all variants
Add component (AddParameter): Name = "BOM名称"; Value = "USB-C型母接口"; VariantName = "[No Variations]"
Add component (AddParameter): Name = "学习资源"; Value = "www.ooocke.com"; VariantName = "[No Variations]"
Add component (AddParameter): Name = "版权归属"; Value = "源创客"; VariantName = "[No Variations]"
Added Component: Designator=V1(VSON - 14)
Add component. Clean all parameters for all variants
Added Component: Designator=V2(SOP8_L)
Add component. Clean all parameters for all variants
Add component (AddParameter): Name = "BOM名称"; Value = "锂电池充电管理"; VariantName = "[No Variations]"
Add component (AddParameter): Name = "学习资源"; Value = "www.ooocke.com"; VariantName = "[No Variations]"
Add component (AddParameter): Name = "版权归属"; Value = "源创客"; VariantName = "[No Variations]"
Added Component: Designator=X2(OSC 1612-4P)
Add component. Clean all parameters for all variants
Add component (AddParameter): Name = "BOM名称"; Value = "2脚无源脚晶振"; VariantName = "[No Variations]"
Add component (AddParameter): Name = "学习资源"; Value = "www.ooocke.com"; VariantName = "[No Variations]"
Add component (AddParameter): Name = "版权归属"; Value = "源创客"; VariantName = "[No Variations]"
Added Component: Designator=X?(OSC 1016-2P)
Add component. Clean all parameters for all variants
Add component (AddParameter): Name = "BOM名称"; Value = "2脚无源脚晶振"; VariantName = "[No Variations]"
Add component (AddParameter): Name = "学习资源"; Value = "www.ooocke.com"; VariantName = "[No Variations]"
Add component (AddParameter): Name = "版权归属"; Value = "源创客"; VariantName = "[No Variations]"
Add component (AddParameter): Name = "负载电容"; Value = "CL20pF"; VariantName = "[No Variations]"
Added Pin To Net: NetName=3.3V Pin=C6-2
Added Pin To Net: NetName=3.3V Pin=C7-2
Added Pin To Net: NetName=3.3V Pin=C8-2
Added Pin To Net: NetName=3.3V Pin=C9-2
Added Pin To Net: NetName=3.3V Pin=C10-2
Added Pin To Net: NetName=3.3V Pin=C12-1
Added Pin To Net: NetName=3.3V Pin=D?-2
Added Pin To Net: NetName=3.3V Pin=E1-1
Added Pin To Net: NetName=3.3V Pin=E3-1
Added Pin To Net: NetName=3.3V Pin=E4-1
Added Pin To Net: NetName=3.3V Pin=E5-1
Added Pin To Net: NetName=3.3V Pin=IC1-1
Added Pin To Net: NetName=3.3V Pin=R4-2
Added Pin To Net: NetName=3.3V Pin=R6-2
Added Pin To Net: NetName=3.3V Pin=R17-2
Added Pin To Net: NetName=3.3V Pin=R23-2
Added Pin To Net: NetName=3.3V Pin=R24-2
Added Pin To Net: NetName=3.3V Pin=R25-1
Added Pin To Net: NetName=3.3V Pin=SW1-2
Added Pin To Net: NetName=3.3V Pin=U1-9
Added Pin To Net: NetName=3.3V Pin=U1-24
Added Pin To Net: NetName=3.3V Pin=U1-36
Added Pin To Net: NetName=3.3V Pin=U1-48
Added Pin To Net: NetName=3.3V Pin=U2-10
Added Pin To Net: NetName=3.3V Pin=U2-12
Added Pin To Net: NetName=3.3V Pin=U3-13
Added Pin To Net: NetName=3.3V Pin=V1-4
Added Pin To Net: NetName=3.3V Pin=V1-5
Added Net: Name=3.3V
Added Pin To Net: NetName=3V3 Pin=C20-2
Added Pin To Net: NetName=3V3 Pin=C21-2
Added Pin To Net: NetName=3V3 Pin=R26-2
Added Pin To Net: NetName=3V3 Pin=R27-2
Added Pin To Net: NetName=3V3 Pin=U4-2
Added Pin To Net: NetName=3V3 Pin=U4-3
Added Net: Name=3V3
Added Pin To Net: NetName=BAT_CHG Pin=R22-2
Added Pin To Net: NetName=BAT_CHG Pin=U1-38
Added Net: Name=BAT_CHG
Added Pin To Net: NetName=BAT_CTRL Pin=R9-2
Added Pin To Net: NetName=BAT_CTRL Pin=R10-1
Added Pin To Net: NetName=BAT_CTRL Pin=U1-32
Added Net: Name=BAT_CTRL
Added Pin To Net: NetName=BAT_DET Pin=R11-2
Added Pin To Net: NetName=BAT_DET Pin=R12-1
Added Pin To Net: NetName=BAT_DET Pin=U1-16
Added Net: Name=BAT_DET
Added Pin To Net: NetName=BAT Pin=C16-1
Added Pin To Net: NetName=BAT Pin=D1-1
Added Pin To Net: NetName=BAT Pin=JP1-1
Added Pin To Net: NetName=BAT Pin=Q2-3
Added Pin To Net: NetName=BAT Pin=Q4-2
Added Pin To Net: NetName=BAT Pin=R9-1
Added Pin To Net: NetName=BAT Pin=V2-5
Added Net: Name=BAT
Added Pin To Net: NetName=BMP180_SCL Pin=R26-1
Added Pin To Net: NetName=BMP180_SCL Pin=U1-45
Added Pin To Net: NetName=BMP180_SCL Pin=U4-6
Added Net: Name=BMP180_SCL
Added Pin To Net: NetName=BMP180_SDA Pin=R27-1
Added Pin To Net: NetName=BMP180_SDA Pin=U1-46
Added Pin To Net: NetName=BMP180_SDA Pin=U4-5
Added Net: Name=BMP180_SDA
Added Pin To Net: NetName=EN Pin=D3-2
Added Pin To Net: NetName=EN Pin=D4-2
Added Pin To Net: NetName=EN Pin=SW5-1
Added Pin To Net: NetName=EN Pin=V1-12
Added Net: Name=EN
Added Pin To Net: NetName=GND Pin=C12-2
Added Pin To Net: NetName=GND Pin=C13-2
Added Pin To Net: NetName=GND Pin=C14-2
Added Pin To Net: NetName=GND Pin=C15-1
Added Pin To Net: NetName=GND Pin=C16-2
Added Pin To Net: NetName=GND Pin=C17-1
Added Pin To Net: NetName=GND Pin=C18-2
Added Pin To Net: NetName=GND Pin=C19-1
Added Pin To Net: NetName=GND Pin=C20-1
Added Pin To Net: NetName=GND Pin=C21-1
Added Pin To Net: NetName=GND Pin=D?-1
Added Pin To Net: NetName=GND Pin=E3-2
Added Pin To Net: NetName=GND Pin=E4-2
Added Pin To Net: NetName=GND Pin=E5-2
Added Pin To Net: NetName=GND Pin=IC1-2
Added Pin To Net: NetName=GND Pin=JP1-2
Added Pin To Net: NetName=GND Pin=Q1-2
Added Pin To Net: NetName=GND Pin=Q5-3
Added Pin To Net: NetName=GND Pin=R2-2
Added Pin To Net: NetName=GND Pin=R12-2
Added Pin To Net: NetName=GND Pin=R13-2
Added Pin To Net: NetName=GND Pin=R16-2
Added Pin To Net: NetName=GND Pin=R18-1
Added Pin To Net: NetName=GND Pin=R20-1
Added Pin To Net: NetName=GND Pin=SW5-2
Added Pin To Net: NetName=GND Pin=U2-8
Added Pin To Net: NetName=GND Pin=U2-13
Added Pin To Net: NetName=GND Pin=U3-1
Added Pin To Net: NetName=GND Pin=U3-6
Added Pin To Net: NetName=GND Pin=U3-7
Added Pin To Net: NetName=GND Pin=U3-8
Added Pin To Net: NetName=GND Pin=U3-9
Added Pin To Net: NetName=GND Pin=U3-11
Added Pin To Net: NetName=GND Pin=U3-18
Added Pin To Net: NetName=GND Pin=U4-7
Added Pin To Net: NetName=GND Pin=USB?-A12
Added Pin To Net: NetName=GND Pin=USB?-B12
Added Pin To Net: NetName=GND Pin=V1-2
Added Pin To Net: NetName=GND Pin=V1-15
Added Pin To Net: NetName=GND Pin=V2-1
Added Pin To Net: NetName=GND Pin=V2-3
Added Net: Name=GND
Added Pin To Net: NetName=KEY1 Pin=SW2-1
Added Pin To Net: NetName=KEY1 Pin=U1-18
Added Net: Name=KEY1
Added Pin To Net: NetName=KEY2 Pin=SW3-1
Added Pin To Net: NetName=KEY2 Pin=U1-19
Added Net: Name=KEY2
Added Pin To Net: NetName=KEY3 Pin=SW4-1
Added Pin To Net: NetName=KEY3 Pin=U1-20
Added Net: Name=KEY3
Added Pin To Net: NetName=LED Pin=R3-2
Added Pin To Net: NetName=LED Pin=U1-2
Added Net: Name=LED
Added Pin To Net: NetName=MPU6050_INT Pin=R25-2
Added Pin To Net: NetName=MPU6050_INT Pin=U1-41
Added Pin To Net: NetName=MPU6050_INT Pin=U3-12
Added Net: Name=MPU6050_INT
Added Pin To Net: NetName=MPU6050_SCL Pin=R24-1
Added Pin To Net: NetName=MPU6050_SCL Pin=U1-42
Added Pin To Net: NetName=MPU6050_SCL Pin=U3-23
Added Net: Name=MPU6050_SCL
Added Pin To Net: NetName=MPU6050_SDA Pin=R23-1
Added Pin To Net: NetName=MPU6050_SDA Pin=U1-43
Added Pin To Net: NetName=MPU6050_SDA Pin=U3-24
Added Net: Name=MPU6050_SDA
Added Pin To Net: NetName=NetC3_1 Pin=C3-1
Added Pin To Net: NetName=NetC3_1 Pin=R1-2
Added Pin To Net: NetName=NetC3_1 Pin=U1-1
Added Net: Name=NetC3_1
Added Pin To Net: NetName=NetC15_2 Pin=C15-2
Added Pin To Net: NetName=NetC15_2 Pin=V1-1
Added Pin To Net: NetName=NetC15_2 Pin=V1-13
Added Net: Name=NetC15_2
Added Pin To Net: NetName=NetC18_1 Pin=C18-1
Added Pin To Net: NetName=NetC18_1 Pin=U3-20
Added Net: Name=NetC18_1
Added Pin To Net: NetName=NetC19_2 Pin=C19-2
Added Pin To Net: NetName=NetC19_2 Pin=U3-10
Added Net: Name=NetC19_2
Added Pin To Net: NetName=NetD1_2 Pin=D1-2
Added Pin To Net: NetName=NetD1_2 Pin=R1-1
Added Net: Name=NetD1_2
Added Pin To Net: NetName=NetD2_2 Pin=D2-2
Added Pin To Net: NetName=NetD2_2 Pin=Q3-3
Added Pin To Net: NetName=NetD2_2 Pin=Q4-3
Added Pin To Net: NetName=NetD2_2 Pin=R14-1
Added Net: Name=NetD2_2
Added Pin To Net: NetName=NetD4_1 Pin=D4-1
Added Pin To Net: NetName=NetD4_1 Pin=Q3-1
Added Pin To Net: NetName=NetD4_1 Pin=Q5-2
Added Pin To Net: NetName=NetD4_1 Pin=R14-2
Added Net: Name=NetD4_1
Added Pin To Net: NetName=NetL?_1 Pin=L?-1
Added Pin To Net: NetName=NetL?_1 Pin=V1-8
Added Pin To Net: NetName=NetL?_1 Pin=V1-9
Added Net: Name=NetL?_1
Added Pin To Net: NetName=NetL?_2 Pin=L?-2
Added Pin To Net: NetName=NetL?_2 Pin=V1-6
Added Pin To Net: NetName=NetL?_2 Pin=V1-7
Added Net: Name=NetL?_2
Added Pin To Net: NetName=NetLED1_1 Pin=LED1-1
Added Pin To Net: NetName=NetLED1_1 Pin=R3-1
Added Net: Name=NetLED1_1
Added Pin To Net: NetName=NetLED2_1 Pin=LED2-1
Added Pin To Net: NetName=NetLED2_1 Pin=R19-1
Added Net: Name=NetLED2_1
Added Pin To Net: NetName=NetLED2_2 Pin=LED2-2
Added Pin To Net: NetName=NetLED2_2 Pin=R22-1
Added Pin To Net: NetName=NetLED2_2 Pin=V2-7
Added Net: Name=NetLED2_2
Added Pin To Net: NetName=NetLED3_1 Pin=LED3-1
Added Pin To Net: NetName=NetLED3_1 Pin=R21-1
Added Net: Name=NetLED3_1
Added Pin To Net: NetName=NetLED3_2 Pin=LED3-2
Added Pin To Net: NetName=NetLED3_2 Pin=V2-6
Added Net: Name=NetLED3_2
Added Pin To Net: NetName=NetQ1_1 Pin=Q1-1
Added Pin To Net: NetName=NetQ1_1 Pin=R6-1
Added Pin To Net: NetName=NetQ1_1 Pin=R7-2
Added Net: Name=NetQ1_1
Added Pin To Net: NetName=NetQ1_3 Pin=Q1-3
Added Pin To Net: NetName=NetQ1_3 Pin=R5-2
Added Net: Name=NetQ1_3
Added Pin To Net: NetName=NetQ2_1 Pin=Q2-1
Added Pin To Net: NetName=NetQ2_1 Pin=R10-2
Added Net: Name=NetQ2_1
Added Pin To Net: NetName=NetQ2_2 Pin=Q2-2
Added Pin To Net: NetName=NetQ2_2 Pin=R11-1
Added Net: Name=NetQ2_2
Added Pin To Net: NetName=NetQ5_1 Pin=Q5-1
Added Pin To Net: NetName=NetQ5_1 Pin=R15-1
Added Pin To Net: NetName=NetQ5_1 Pin=R16-1
Added Net: Name=NetQ5_1
Added Pin To Net: NetName=NetR8_1 Pin=R8-1
Added Pin To Net: NetName=NetR8_1 Pin=USB?-A9
Added Pin To Net: NetName=NetR8_1 Pin=USB?-B9
Added Net: Name=NetR8_1
Added Pin To Net: NetName=NetR17_1 Pin=R17-1
Added Pin To Net: NetName=NetR17_1 Pin=R18-2
Added Pin To Net: NetName=NetR17_1 Pin=V1-3
Added Net: Name=NetR17_1
Added Pin To Net: NetName=NetR20_2 Pin=R20-2
Added Pin To Net: NetName=NetR20_2 Pin=V2-2
Added Net: Name=NetR20_2
Added Pin To Net: NetName=OSC32_IN Pin=C1-2
Added Pin To Net: NetName=OSC32_IN Pin=U1-3
Added Pin To Net: NetName=OSC32_IN Pin=X?-1
Added Net: Name=OSC32_IN
Added Pin To Net: NetName=OSC32_OUT Pin=C2-2
Added Pin To Net: NetName=OSC32_OUT Pin=U1-4
Added Pin To Net: NetName=OSC32_OUT Pin=X?-2
Added Net: Name=OSC32_OUT
Added Pin To Net: NetName=OSC_IN Pin=C4-2
Added Pin To Net: NetName=OSC_IN Pin=U1-5
Added Pin To Net: NetName=OSC_IN Pin=X2-1
Added Net: Name=OSC_IN
Added Pin To Net: NetName=OSC_OUT Pin=C5-2
Added Pin To Net: NetName=OSC_OUT Pin=U1-6
Added Pin To Net: NetName=OSC_OUT Pin=X2-4
Added Net: Name=OSC_OUT
Added Pin To Net: NetName=Power_EN Pin=R15-2
Added Pin To Net: NetName=Power_EN Pin=U1-26
Added Net: Name=Power_EN
Added Pin To Net: NetName=Power_ON Pin=D3-1
Added Pin To Net: NetName=Power_ON Pin=U1-27
Added Net: Name=Power_ON
Added Pin To Net: NetName=RST Pin=C11-2
Added Pin To Net: NetName=RST Pin=R4-1
Added Pin To Net: NetName=RST Pin=U1-7
Added Net: Name=RST
Added Pin To Net: NetName=SWCLK Pin=U1-37
Added Pin To Net: NetName=SWCLK Pin=USB?-A5
Added Net: Name=SWCLK
Added Pin To Net: NetName=SWDIO Pin=U1-34
Added Pin To Net: NetName=SWDIO Pin=USB?-B5
Added Net: Name=SWDIO
Added Pin To Net: NetName=Temperature Pin=IC1-3
Added Pin To Net: NetName=Temperature Pin=U1-12
Added Net: Name=Temperature
Added Pin To Net: NetName=TFT_BLK Pin=R7-1
Added Pin To Net: NetName=TFT_BLK Pin=U1-31
Added Net: Name=TFT_BLK
Added Pin To Net: NetName=TFT_CS Pin=U1-14
Added Pin To Net: NetName=TFT_CS Pin=U2-7
Added Net: Name=TFT_CS
Added Pin To Net: NetName=TFT_DC Pin=U1-29
Added Pin To Net: NetName=TFT_DC Pin=U2-5
Added Net: Name=TFT_DC
Added Pin To Net: NetName=TFT_LEDK Pin=R5-1
Added Pin To Net: NetName=TFT_LEDK Pin=U2-11
Added Net: Name=TFT_LEDK
Added Pin To Net: NetName=TFT_RES Pin=U1-11
Added Pin To Net: NetName=TFT_RES Pin=U2-6
Added Net: Name=TFT_RES
Added Pin To Net: NetName=TFT_SCL Pin=U1-15
Added Pin To Net: NetName=TFT_SCL Pin=U2-4
Added Net: Name=TFT_SCL
Added Pin To Net: NetName=TFT_SDA Pin=U1-17
Added Pin To Net: NetName=TFT_SDA Pin=U2-3
Added Net: Name=TFT_SDA
Added Pin To Net: NetName=USB_VCC Pin=C17-2
Added Pin To Net: NetName=USB_VCC Pin=D2-1
Added Pin To Net: NetName=USB_VCC Pin=Q4-1
Added Pin To Net: NetName=USB_VCC Pin=R8-2
Added Pin To Net: NetName=USB_VCC Pin=R13-1
Added Pin To Net: NetName=USB_VCC Pin=R19-2
Added Pin To Net: NetName=USB_VCC Pin=R21-2
Added Pin To Net: NetName=USB_VCC Pin=V2-4
Added Pin To Net: NetName=USB_VCC Pin=V2-8
Added Net: Name=USB_VCC
Added Pin To Net: NetName=VCAP_1 Pin=E2-1
Added Pin To Net: NetName=VCAP_1 Pin=U1-22
Added Net: Name=VCAP_1
Added Pin To Net: NetName=VCC Pin=C13-1
Added Pin To Net: NetName=VCC Pin=C14-1
Added Pin To Net: NetName=VCC Pin=Q3-2
Added Pin To Net: NetName=VCC Pin=V1-10
Added Pin To Net: NetName=VCC Pin=V1-11
Added Net: Name=VCC
Added Pin To Net: NetName=VSS Pin=C1-1
Added Pin To Net: NetName=VSS Pin=C2-1
Added Pin To Net: NetName=VSS Pin=C3-2
Added Pin To Net: NetName=VSS Pin=C4-1
Added Pin To Net: NetName=VSS Pin=C5-1
Added Pin To Net: NetName=VSS Pin=C6-1
Added Pin To Net: NetName=VSS Pin=C7-1
Added Pin To Net: NetName=VSS Pin=C8-1
Added Pin To Net: NetName=VSS Pin=C9-1
Added Pin To Net: NetName=VSS Pin=C10-1
Added Pin To Net: NetName=VSS Pin=C11-1
Added Pin To Net: NetName=VSS Pin=E1-2
Added Pin To Net: NetName=VSS Pin=E2-2
Added Pin To Net: NetName=VSS Pin=LED1-2
Added Pin To Net: NetName=VSS Pin=R2-1
Added Pin To Net: NetName=VSS Pin=SW2-2
Added Pin To Net: NetName=VSS Pin=SW3-2
Added Pin To Net: NetName=VSS Pin=SW4-2
Added Pin To Net: NetName=VSS Pin=U1-8
Added Pin To Net: NetName=VSS Pin=U1-23
Added Pin To Net: NetName=VSS Pin=U1-35
Added Pin To Net: NetName=VSS Pin=U1-44
Added Pin To Net: NetName=VSS Pin=U1-47
Added Pin To Net: NetName=VSS Pin=U1-49
Added Net: Name=VSS
Added Pin To Net: NetName=WKUP Pin=SW1-1
Added Pin To Net: NetName=WKUP Pin=U1-10
Added Net: Name=WKUP
Added Class: Name=Designator
Added Room: Name=Designator
Added Room: Name=Designator
Added Room: Name=Designator
Added Room: Name=Designator
Added Room: Name=Designator
Added Room: Name=Designator
Added Room: Name=Designator
Added Room: Name=Designator
